<?xml version="1.0" encoding="UTF-8"?>
<testsuite xmlns:xsi="http://www.w3.org/2001/XMLSchema-instance" xsi:noNamespaceSchemaLocation="https://maven.apache.org/surefire/maven-surefire-plugin/xsd/surefire-test-report.xsd" name="com.gmail.drafts.DraftsTest" time="74.422" tests="4" errors="3" skipped="0" failures="0">
  <properties>
    <property name="sun.desktop" value="windows"/>
    <property name="awt.toolkit" value="sun.awt.windows.WToolkit"/>
    <property name="java.specification.version" value="9"/>
    <property name="file.encoding.pkg" value="sun.io"/>
    <property name="webdriver.chrome.driver" value="drivers/chromedriver.exe"/>
    <property name="sun.cpu.isalist" value="amd64"/>
    <property name="sun.jnu.encoding" value="Cp1252"/>
    <property name="java.class.path" value="D:\Github_Repos\Zialinski_task_JUnit5\target\test-classes;D:\Github_Repos\Zialinski_task_JUnit5\target\classes;C:\Users\ivan.zialinski\.m2\repository\org\seleniumhq\selenium\selenium-java\3.8.1\selenium-java-3.8.1.jar;C:\Users\ivan.zialinski\.m2\repository\org\seleniumhq\selenium\selenium-api\3.8.1\selenium-api-3.8.1.jar;C:\Users\ivan.zialinski\.m2\repository\org\seleniumhq\selenium\selenium-chrome-driver\3.8.1\selenium-chrome-driver-3.8.1.jar;C:\Users\ivan.zialinski\.m2\repository\org\seleniumhq\selenium\selenium-edge-driver\3.8.1\selenium-edge-driver-3.8.1.jar;C:\Users\ivan.zialinski\.m2\repository\org\seleniumhq\selenium\selenium-firefox-driver\3.8.1\selenium-firefox-driver-3.8.1.jar;C:\Users\ivan.zialinski\.m2\repository\org\seleniumhq\selenium\selenium-ie-driver\3.8.1\selenium-ie-driver-3.8.1.jar;C:\Users\ivan.zialinski\.m2\repository\org\seleniumhq\selenium\selenium-opera-driver\3.8.1\selenium-opera-driver-3.8.1.jar;C:\Users\ivan.zialinski\.m2\repository\org\seleniumhq\selenium\selenium-remote-driver\3.8.1\selenium-remote-driver-3.8.1.jar;C:\Users\ivan.zialinski\.m2\repository\org\seleniumhq\selenium\selenium-safari-driver\3.8.1\selenium-safari-driver-3.8.1.jar;C:\Users\ivan.zialinski\.m2\repository\org\seleniumhq\selenium\selenium-support\3.8.1\selenium-support-3.8.1.jar;C:\Users\ivan.zialinski\.m2\repository\net\bytebuddy\byte-buddy\1.7.5\byte-buddy-1.7.5.jar;C:\Users\ivan.zialinski\.m2\repository\org\apache\commons\commons-exec\1.3\commons-exec-1.3.jar;C:\Users\ivan.zialinski\.m2\repository\commons-codec\commons-codec\1.10\commons-codec-1.10.jar;C:\Users\ivan.zialinski\.m2\repository\commons-logging\commons-logging\1.2\commons-logging-1.2.jar;C:\Users\ivan.zialinski\.m2\repository\com\google\code\gson\gson\2.8.2\gson-2.8.2.jar;C:\Users\ivan.zialinski\.m2\repository\com\google\guava\guava\23.0\guava-23.0.jar;C:\Users\ivan.zialinski\.m2\repository\com\google\code\findbugs\jsr305\1.3.9\jsr305-1.3.9.jar;C:\Users\ivan.zialinski\.m2\repository\com\google\errorprone\error_prone_annotations\2.0.18\error_prone_annotations-2.0.18.jar;C:\Users\ivan.zialinski\.m2\repository\com\google\j2objc\j2objc-annotations\1.1\j2objc-annotations-1.1.jar;C:\Users\ivan.zialinski\.m2\repository\org\codehaus\mojo\animal-sniffer-annotations\1.14\animal-sniffer-annotations-1.14.jar;C:\Users\ivan.zialinski\.m2\repository\org\apache\httpcomponents\httpclient\4.5.3\httpclient-4.5.3.jar;C:\Users\ivan.zialinski\.m2\repository\org\apache\httpcomponents\httpcore\4.4.6\httpcore-4.4.6.jar;C:\Users\ivan.zialinski\.m2\repository\junit\junit\4.12\junit-4.12.jar;C:\Users\ivan.zialinski\.m2\repository\org\hamcrest\hamcrest-core\1.3\hamcrest-core-1.3.jar;"/>
    <property name="java.vm.vendor" value="Oracle Corporation"/>
    <property name="sun.arch.data.model" value="64"/>
    <property name="user.variant" value=""/>
    <property name="java.vendor.url" value="http://java.oracle.com/"/>
    <property name="user.timezone" value="Europe/Moscow"/>
    <property name="java.vm.specification.version" value="9"/>
    <property name="os.name" value="Windows 10"/>
    <property name="sun.java.launcher" value="SUN_STANDARD"/>
    <property name="user.country" value="US"/>
    <property name="sun.boot.library.path" value="C:\Program Files\Java\jdk-9.0.1\bin"/>
    <property name="sun.java.command" value="C:\Users\IVAN~1.ZIA\AppData\Local\Temp\surefire14939597171986340936\surefirebooter7053794820251425330.jar C:\Users\ivan.zialinski\AppData\Local\Temp\surefire14939597171986340936 2017-12-20T14-26-16_155-jvmRun3 surefire2994018721021087588tmp surefire_18404795646738090060tmp"/>
    <property name="jdk.debug" value="release"/>
    <property name="surefire.test.class.path" value="D:\Github_Repos\Zialinski_task_JUnit5\target\test-classes;D:\Github_Repos\Zialinski_task_JUnit5\target\classes;C:\Users\ivan.zialinski\.m2\repository\org\seleniumhq\selenium\selenium-java\3.8.1\selenium-java-3.8.1.jar;C:\Users\ivan.zialinski\.m2\repository\org\seleniumhq\selenium\selenium-api\3.8.1\selenium-api-3.8.1.jar;C:\Users\ivan.zialinski\.m2\repository\org\seleniumhq\selenium\selenium-chrome-driver\3.8.1\selenium-chrome-driver-3.8.1.jar;C:\Users\ivan.zialinski\.m2\repository\org\seleniumhq\selenium\selenium-edge-driver\3.8.1\selenium-edge-driver-3.8.1.jar;C:\Users\ivan.zialinski\.m2\repository\org\seleniumhq\selenium\selenium-firefox-driver\3.8.1\selenium-firefox-driver-3.8.1.jar;C:\Users\ivan.zialinski\.m2\repository\org\seleniumhq\selenium\selenium-ie-driver\3.8.1\selenium-ie-driver-3.8.1.jar;C:\Users\ivan.zialinski\.m2\repository\org\seleniumhq\selenium\selenium-opera-driver\3.8.1\selenium-opera-driver-3.8.1.jar;C:\Users\ivan.zialinski\.m2\repository\org\seleniumhq\selenium\selenium-remote-driver\3.8.1\selenium-remote-driver-3.8.1.jar;C:\Users\ivan.zialinski\.m2\repository\org\seleniumhq\selenium\selenium-safari-driver\3.8.1\selenium-safari-driver-3.8.1.jar;C:\Users\ivan.zialinski\.m2\repository\org\seleniumhq\selenium\selenium-support\3.8.1\selenium-support-3.8.1.jar;C:\Users\ivan.zialinski\.m2\repository\net\bytebuddy\byte-buddy\1.7.5\byte-buddy-1.7.5.jar;C:\Users\ivan.zialinski\.m2\repository\org\apache\commons\commons-exec\1.3\commons-exec-1.3.jar;C:\Users\ivan.zialinski\.m2\repository\commons-codec\commons-codec\1.10\commons-codec-1.10.jar;C:\Users\ivan.zialinski\.m2\repository\commons-logging\commons-logging\1.2\commons-logging-1.2.jar;C:\Users\ivan.zialinski\.m2\repository\com\google\code\gson\gson\2.8.2\gson-2.8.2.jar;C:\Users\ivan.zialinski\.m2\repository\com\google\guava\guava\23.0\guava-23.0.jar;C:\Users\ivan.zialinski\.m2\repository\com\google\code\findbugs\jsr305\1.3.9\jsr305-1.3.9.jar;C:\Users\ivan.zialinski\.m2\repository\com\google\errorprone\error_prone_annotations\2.0.18\error_prone_annotations-2.0.18.jar;C:\Users\ivan.zialinski\.m2\repository\com\google\j2objc\j2objc-annotations\1.1\j2objc-annotations-1.1.jar;C:\Users\ivan.zialinski\.m2\repository\org\codehaus\mojo\animal-sniffer-annotations\1.14\animal-sniffer-annotations-1.14.jar;C:\Users\ivan.zialinski\.m2\repository\org\apache\httpcomponents\httpclient\4.5.3\httpclient-4.5.3.jar;C:\Users\ivan.zialinski\.m2\repository\org\apache\httpcomponents\httpcore\4.4.6\httpcore-4.4.6.jar;C:\Users\ivan.zialinski\.m2\repository\junit\junit\4.12\junit-4.12.jar;C:\Users\ivan.zialinski\.m2\repository\org\hamcrest\hamcrest-core\1.3\hamcrest-core-1.3.jar;"/>
    <property name="sun.cpu.endian" value="little"/>
    <property name="user.home" value="C:\Users\ivan.zialinski"/>
    <property name="user.language" value="en"/>
    <property name="java.specification.vendor" value="Oracle Corporation"/>
    <property name="java.home" value="C:\Program Files\Java\jdk-9.0.1"/>
    <property name="file.separator" value="\"/>
    <property name="basedir" value="D:\Github_Repos\Zialinski_task_JUnit5"/>
    <property name="java.vm.compressedOopsMode" value="Zero based"/>
    <property name="line.separator" value="&#10;"/>
    <property name="java.vm.specification.vendor" value="Oracle Corporation"/>
    <property name="java.specification.name" value="Java Platform API Specification"/>
    <property name="java.awt.graphicsenv" value="sun.awt.Win32GraphicsEnvironment"/>
    <property name="surefire.real.class.path" value="C:\Users\IVAN~1.ZIA\AppData\Local\Temp\surefire14939597171986340936\surefirebooter7053794820251425330.jar"/>
    <property name="user.script" value=""/>
    <property name="sun.management.compiler" value="HotSpot 64-Bit Tiered Compilers"/>
    <property name="java.runtime.version" value="9.0.1+11"/>
    <property name="user.name" value="ivan.zialinski"/>
    <property name="path.separator" value=";"/>
    <property name="os.version" value="10.0"/>
    <property name="java.runtime.name" value="Java(TM) SE Runtime Environment"/>
    <property name="file.encoding" value="Cp1252"/>
    <property name="java.vm.name" value="Java HotSpot(TM) 64-Bit Server VM"/>
    <property name="localRepository" value="C:\Users\ivan.zialinski\.m2\repository"/>
    <property name="java.vendor.url.bug" value="http://bugreport.java.com/bugreport/"/>
    <property name="java.io.tmpdir" value="C:\Users\IVAN~1.ZIA\AppData\Local\Temp\"/>
    <property name="idea.version" value="2017.3"/>
    <property name="java.version" value="9.0.1"/>
    <property name="user.dir" value="D:\Github_Repos\Zialinski_task_JUnit5"/>
    <property name="os.arch" value="amd64"/>
    <property name="webdriver.gecko.driver" value="drivers/geckodriver.exe"/>
    <property name="java.vm.specification.name" value="Java Virtual Machine Specification"/>
    <property name="java.awt.printerjob" value="sun.awt.windows.WPrinterJob"/>
    <property name="sun.os.patch.level" value=""/>
    <property name="java.library.path" value="C:\Program Files\Java\jdk-9.0.1\bin;C:\windows\Sun\Java\bin;C:\windows\system32;C:\windows;C:\ProgramData\Oracle\Java\javapath;C:\Program Files (x86)\Intel\iCLS Client\;C:\Program Files\Intel\iCLS Client\;C:\windows\system32;C:\windows;C:\windows\System32\Wbem;C:\windows\System32\WindowsPowerShell\v1.0\;C:\Program Files (x86)\Intel\Intel(R) Management Engine Components\DAL;C:\Program Files\Intel\Intel(R) Management Engine Components\DAL;C:\Program Files (x86)\Intel\Intel(R) Management Engine Components\IPT;C:\Program Files\Intel\Intel(R) Management Engine Components\IPT;C:\Program Files (x86)\Skype\Phone\;C:\Program Files\TortoiseSVN\bin;C:\Program Files (x86)\Git\cmd;C:\Program Files\dotnet\;C:\Program Files\Microsoft SQL Server\130\Tools\Binn\;C:\ProgramData\chocolatey\bin;C:\Program Files (x86)\NUnit.org\nunit-console;C:\xampp\apache\bin\httpd.exe;C:\Maven\bin;C:\Program Files\Java\jdk-9.0.1\bin;C:\WebDrivers\ChromeDriver\;C:\WebDrivers\FirefoxDriver\;C:\Users\ivan.zialinski\AppData\Local\Microsoft\WindowsApps;;."/>
    <property name="java.vm.info" value="mixed mode"/>
    <property name="java.vendor" value="Oracle Corporation"/>
    <property name="java.vm.version" value="9.0.1+11"/>
    <property name="sun.io.unicode.encoding" value="UnicodeLittle"/>
    <property name="java.class.version" value="53.0"/>
  </properties>
  <testcase name="deleteMessageFromDrafts[0]" classname="com.gmail.drafts.DraftsTest" time="62.357"/>
  <testcase name="addMessageToDrafts[0]" classname="com.gmail.drafts.DraftsTest" time="62.082">
    <error message="no such element: Unable to locate element: {&quot;method&quot;:&quot;xpath&quot;,&quot;selector&quot;:&quot;//div[@jscontroller=&apos;DUNnfe&apos;]//div[@role=&apos;button&apos;]&quot;}&#10;  (Session info: chrome=63.0.3239.84)&#10;  (Driver info: chromedriver=2.33.506120 (e3e53437346286c0bc2d2dc9aa4915ba81d9023f),platform=Windows NT 10.0.15063 x86_64) (WARNING: The server did not provide any stacktrace information)&#10;Command duration or timeout: 0 milliseconds&#10;For documentation on this error, please visit: http://seleniumhq.org/exceptions/no_such_element.html&#10;Build info: version: &apos;3.8.1&apos;, revision: &apos;6e95a6684b&apos;, time: &apos;2017-12-01T18:33:54.468Z&apos;&#10;System info: host: &apos;WSB-174&apos;, ip: &apos;192.168.6.1&apos;, os.name: &apos;Windows 10&apos;, os.arch: &apos;amd64&apos;, os.version: &apos;10.0&apos;, java.version: &apos;9.0.1&apos;&#10;Driver info: org.openqa.selenium.chrome.ChromeDriver&#10;Capabilities {acceptSslCerts: true, applicationCacheEnabled: false, browserConnectionEnabled: false, browserName: chrome, chrome: {chromedriverVersion: 2.33.506120 (e3e53437346286..., userDataDir: C:\Users\IVAN~1.ZIA\AppData...}, cssSelectorsEnabled: true, databaseEnabled: false, handlesAlerts: true, hasTouchScreen: false, javascriptEnabled: true, locationContextEnabled: true, mobileEmulationEnabled: false, nativeEvents: true, networkConnectionEnabled: false, pageLoadStrategy: normal, platform: XP, platformName: XP, rotatable: false, setWindowRect: true, takesHeapSnapshot: true, takesScreenshot: true, unexpectedAlertBehaviour: , unhandledPromptBehavior: , version: 63.0.3239.84, webStorageEnabled: true}&#10;Session ID: e7f459cf792f5593d1a1e49fa22acee7&#10;*** Element info: {Using=xpath, value=//div[@jscontroller=&apos;DUNnfe&apos;]//div[@role=&apos;button&apos;]}" type="org.openqa.selenium.NoSuchElementException">org.openqa.selenium.NoSuchElementException: 
no such element: Unable to locate element: {"method":"xpath","selector":"//div[@jscontroller='DUNnfe']//div[@role='button']"}
  (Session info: chrome=63.0.3239.84)
  (Driver info: chromedriver=2.33.506120 (e3e53437346286c0bc2d2dc9aa4915ba81d9023f),platform=Windows NT 10.0.15063 x86_64) (WARNING: The server did not provide any stacktrace information)
Command duration or timeout: 0 milliseconds
For documentation on this error, please visit: http://seleniumhq.org/exceptions/no_such_element.html
Build info: version: '3.8.1', revision: '6e95a6684b', time: '2017-12-01T18:33:54.468Z'
System info: host: 'WSB-174', ip: '192.168.6.1', os.name: 'Windows 10', os.arch: 'amd64', os.version: '10.0', java.version: '9.0.1'
Driver info: org.openqa.selenium.chrome.ChromeDriver
Capabilities {acceptSslCerts: true, applicationCacheEnabled: false, browserConnectionEnabled: false, browserName: chrome, chrome: {chromedriverVersion: 2.33.506120 (e3e53437346286..., userDataDir: C:\Users\IVAN~1.ZIA\AppData...}, cssSelectorsEnabled: true, databaseEnabled: false, handlesAlerts: true, hasTouchScreen: false, javascriptEnabled: true, locationContextEnabled: true, mobileEmulationEnabled: false, nativeEvents: true, networkConnectionEnabled: false, pageLoadStrategy: normal, platform: XP, platformName: XP, rotatable: false, setWindowRect: true, takesHeapSnapshot: true, takesScreenshot: true, unexpectedAlertBehaviour: , unhandledPromptBehavior: , version: 63.0.3239.84, webStorageEnabled: true}
Session ID: e7f459cf792f5593d1a1e49fa22acee7
*** Element info: {Using=xpath, value=//div[@jscontroller='DUNnfe']//div[@role='button']}
	at com.gmail.drafts.DraftsTest.addMessageToDrafts(DraftsTest.java:27)
</error>
    <system-out><![CDATA[Navigating to https://gmail.com
Navigated to https://gmail.com
Finding element by By.id: identifierId
Element founded By.id: identifierId
Clicking on [[ChromeDriver: chrome on XP (e7f459cf792f5593d1a1e49fa22acee7)] -> id: identifierId]
Clicked on [[ChromeDriver: chrome on XP (e7f459cf792f5593d1a1e49fa22acee7)] -> id: identifierId]
Finding element by By.id: identifierId
Element founded By.id: identifierId
Changing value [[ChromeDriver: chrome on XP (e7f459cf792f5593d1a1e49fa22acee7)] -> id: identifierId]
Value changed [[ChromeDriver: chrome on XP (e7f459cf792f5593d1a1e49fa22acee7)] -> id: identifierId]
Finding element by By.id: identifierNext
Element founded By.id: identifierNext
Clicking on [[ChromeDriver: chrome on XP (e7f459cf792f5593d1a1e49fa22acee7)] -> id: identifierNext]
Clicked on [[ChromeDriver: chrome on XP (e7f459cf792f5593d1a1e49fa22acee7)] -> id: identifierNext]
Finding element by By.name: password
Element founded By.name: password
Finding element by By.name: password
Element founded By.name: password
Finding element by By.name: password
Element founded By.name: password
Clicking on [[ChromeDriver: chrome on XP (e7f459cf792f5593d1a1e49fa22acee7)] -> name: password]
Clicked on [[ChromeDriver: chrome on XP (e7f459cf792f5593d1a1e49fa22acee7)] -> name: password]
Finding element by By.name: password
Element founded By.name: password
Changing value [[ChromeDriver: chrome on XP (e7f459cf792f5593d1a1e49fa22acee7)] -> name: password]
Value changed [[ChromeDriver: chrome on XP (e7f459cf792f5593d1a1e49fa22acee7)] -> name: password]
Finding element by By.id: passwordNext
Element founded By.id: passwordNext
Clicking on [[ChromeDriver: chrome on XP (e7f459cf792f5593d1a1e49fa22acee7)] -> id: passwordNext]
Clicked on [[ChromeDriver: chrome on XP (e7f459cf792f5593d1a1e49fa22acee7)] -> id: passwordNext]
Finding element by By.xpath: //div[@jscontroller='DUNnfe']//div[@role='button']
Exception occured at no such element: Unable to locate element: {"method":"xpath","selector":"//div[@jscontroller='DUNnfe']//div[@role='button']"}
  (Session info: chrome=63.0.3239.84)
  (Driver info: chromedriver=2.33.506120 (e3e53437346286c0bc2d2dc9aa4915ba81d9023f),platform=Windows NT 10.0.15063 x86_64) (WARNING: The server did not provide any stacktrace information)
Command duration or timeout: 0 milliseconds
For documentation on this error, please visit: http://seleniumhq.org/exceptions/no_such_element.html
Build info: version: '3.8.1', revision: '6e95a6684b', time: '2017-12-01T18:33:54.468Z'
System info: host: 'WSB-174', ip: '192.168.6.1', os.name: 'Windows 10', os.arch: 'amd64', os.version: '10.0', java.version: '9.0.1'
Driver info: org.openqa.selenium.chrome.ChromeDriver
Capabilities {acceptSslCerts: true, applicationCacheEnabled: false, browserConnectionEnabled: false, browserName: chrome, chrome: {chromedriverVersion: 2.33.506120 (e3e53437346286..., userDataDir: C:\Users\IVAN~1.ZIA\AppData...}, cssSelectorsEnabled: true, databaseEnabled: false, handlesAlerts: true, hasTouchScreen: false, javascriptEnabled: true, locationContextEnabled: true, mobileEmulationEnabled: false, nativeEvents: true, networkConnectionEnabled: false, pageLoadStrategy: normal, platform: XP, platformName: XP, rotatable: false, setWindowRect: true, takesHeapSnapshot: true, takesScreenshot: true, unexpectedAlertBehaviour: , unhandledPromptBehavior: , version: 63.0.3239.84, webStorageEnabled: true}
Session ID: e7f459cf792f5593d1a1e49fa22acee7
*** Element info: {Using=xpath, value=//div[@jscontroller='DUNnfe']//div[@role='button']}
]]></system-out>
  </testcase>
  <testcase name="addMessageToDrafts[1]" classname="com.gmail.drafts.DraftsTest" time="59.137">
    <error message="Unable to locate element: //div[@jscontroller=&apos;DUNnfe&apos;]//div[@role=&apos;button&apos;]&#10;For documentation on this error, please visit: http://seleniumhq.org/exceptions/no_such_element.html&#10;Build info: version: &apos;3.8.1&apos;, revision: &apos;6e95a6684b&apos;, time: &apos;2017-12-01T18:33:54.468Z&apos;&#10;System info: host: &apos;WSB-174&apos;, ip: &apos;192.168.6.1&apos;, os.name: &apos;Windows 10&apos;, os.arch: &apos;amd64&apos;, os.version: &apos;10.0&apos;, java.version: &apos;9.0.1&apos;&#10;Driver info: org.openqa.selenium.firefox.FirefoxDriver&#10;Capabilities {acceptInsecureCerts: true, browserName: firefox, browserVersion: 56.0.2, javascriptEnabled: true, moz:accessibilityChecks: false, moz:headless: false, moz:processID: 17084, moz:profile: C:\Users\ivan.zialinski\App..., pageLoadStrategy: normal, platform: XP, platformName: XP, platformVersion: 10.0, rotatable: false, specificationLevel: 0, timeouts: {implicit: 0, pageLoad: 300000, script: 30000}}&#10;Session ID: 5da9a8e2-5288-4b52-8661-d8c83e16e790&#10;*** Element info: {Using=xpath, value=//div[@jscontroller=&apos;DUNnfe&apos;]//div[@role=&apos;button&apos;]}" type="org.openqa.selenium.NoSuchElementException">org.openqa.selenium.NoSuchElementException: 
Unable to locate element: //div[@jscontroller='DUNnfe']//div[@role='button']
For documentation on this error, please visit: http://seleniumhq.org/exceptions/no_such_element.html
Build info: version: '3.8.1', revision: '6e95a6684b', time: '2017-12-01T18:33:54.468Z'
System info: host: 'WSB-174', ip: '192.168.6.1', os.name: 'Windows 10', os.arch: 'amd64', os.version: '10.0', java.version: '9.0.1'
Driver info: org.openqa.selenium.firefox.FirefoxDriver
Capabilities {acceptInsecureCerts: true, browserName: firefox, browserVersion: 56.0.2, javascriptEnabled: true, moz:accessibilityChecks: false, moz:headless: false, moz:processID: 17084, moz:profile: C:\Users\ivan.zialinski\App..., pageLoadStrategy: normal, platform: XP, platformName: XP, platformVersion: 10.0, rotatable: false, specificationLevel: 0, timeouts: {implicit: 0, pageLoad: 300000, script: 30000}}
Session ID: 5da9a8e2-5288-4b52-8661-d8c83e16e790
*** Element info: {Using=xpath, value=//div[@jscontroller='DUNnfe']//div[@role='button']}
	at com.gmail.drafts.DraftsTest.addMessageToDrafts(DraftsTest.java:27)
</error>
    <system-out><![CDATA[Navigating to https://gmail.com
Navigated to https://gmail.com
Finding element by By.id: identifierId
Element founded By.id: identifierId
Clicking on [[FirefoxDriver: firefox on XP (5da9a8e2-5288-4b52-8661-d8c83e16e790)] -> id: identifierId]
Clicked on [[FirefoxDriver: firefox on XP (5da9a8e2-5288-4b52-8661-d8c83e16e790)] -> id: identifierId]
Finding element by By.id: identifierId
Element founded By.id: identifierId
Changing value [[FirefoxDriver: firefox on XP (5da9a8e2-5288-4b52-8661-d8c83e16e790)] -> id: identifierId]
Value changed [[FirefoxDriver: firefox on XP (5da9a8e2-5288-4b52-8661-d8c83e16e790)] -> id: identifierId]
Finding element by By.id: identifierNext
Element founded By.id: identifierNext
Clicking on [[FirefoxDriver: firefox on XP (5da9a8e2-5288-4b52-8661-d8c83e16e790)] -> id: identifierNext]
Clicked on [[FirefoxDriver: firefox on XP (5da9a8e2-5288-4b52-8661-d8c83e16e790)] -> id: identifierNext]
Finding element by By.name: password
Element founded By.name: password
Finding element by By.name: password
Element founded By.name: password
Finding element by By.name: password
Element founded By.name: password
Finding element by By.name: password
Element founded By.name: password
Clicking on [[FirefoxDriver: firefox on XP (5da9a8e2-5288-4b52-8661-d8c83e16e790)] -> name: password]
Clicked on [[FirefoxDriver: firefox on XP (5da9a8e2-5288-4b52-8661-d8c83e16e790)] -> name: password]
Finding element by By.name: password
Element founded By.name: password
Changing value [[FirefoxDriver: firefox on XP (5da9a8e2-5288-4b52-8661-d8c83e16e790)] -> name: password]
Value changed [[FirefoxDriver: firefox on XP (5da9a8e2-5288-4b52-8661-d8c83e16e790)] -> name: password]
Finding element by By.id: passwordNext
Element founded By.id: passwordNext
Clicking on [[FirefoxDriver: firefox on XP (5da9a8e2-5288-4b52-8661-d8c83e16e790)] -> id: passwordNext]
Clicked on [[FirefoxDriver: firefox on XP (5da9a8e2-5288-4b52-8661-d8c83e16e790)] -> id: passwordNext]
Finding element by By.xpath: //div[@jscontroller='DUNnfe']//div[@role='button']
Exception occured at Unable to locate element: //div[@jscontroller='DUNnfe']//div[@role='button']
For documentation on this error, please visit: http://seleniumhq.org/exceptions/no_such_element.html
Build info: version: '3.8.1', revision: '6e95a6684b', time: '2017-12-01T18:33:54.468Z'
System info: host: 'WSB-174', ip: '192.168.6.1', os.name: 'Windows 10', os.arch: 'amd64', os.version: '10.0', java.version: '9.0.1'
Driver info: org.openqa.selenium.firefox.FirefoxDriver
Capabilities {acceptInsecureCerts: true, browserName: firefox, browserVersion: 56.0.2, javascriptEnabled: true, moz:accessibilityChecks: false, moz:headless: false, moz:processID: 17084, moz:profile: C:\Users\ivan.zialinski\App..., pageLoadStrategy: normal, platform: XP, platformName: XP, platformVersion: 10.0, rotatable: false, specificationLevel: 0, timeouts: {implicit: 0, pageLoad: 300000, script: 30000}}
Session ID: 5da9a8e2-5288-4b52-8661-d8c83e16e790
*** Element info: {Using=xpath, value=//div[@jscontroller='DUNnfe']//div[@role='button']}
]]></system-out>
  </testcase>
  <testcase name="deleteMessageFromDrafts[1]" classname="com.gmail.drafts.DraftsTest" time="54.641">
    <error message="Unable to locate element: //div[@role=&apos;navigation&apos;]//a[@href=&apos;https://mail.google.com/mail/#drafts&apos;]&#10;For documentation on this error, please visit: http://seleniumhq.org/exceptions/no_such_element.html&#10;Build info: version: &apos;3.8.1&apos;, revision: &apos;6e95a6684b&apos;, time: &apos;2017-12-01T18:33:54.468Z&apos;&#10;System info: host: &apos;WSB-174&apos;, ip: &apos;192.168.6.1&apos;, os.name: &apos;Windows 10&apos;, os.arch: &apos;amd64&apos;, os.version: &apos;10.0&apos;, java.version: &apos;9.0.1&apos;&#10;Driver info: org.openqa.selenium.firefox.FirefoxDriver&#10;Capabilities {acceptInsecureCerts: true, browserName: firefox, browserVersion: 56.0.2, javascriptEnabled: true, moz:accessibilityChecks: false, moz:headless: false, moz:processID: 13540, moz:profile: C:\Users\ivan.zialinski\App..., pageLoadStrategy: normal, platform: XP, platformName: XP, platformVersion: 10.0, rotatable: false, specificationLevel: 0, timeouts: {implicit: 0, pageLoad: 300000, script: 30000}}&#10;Session ID: 22d1f73f-474e-4105-953e-276471eeaef6&#10;*** Element info: {Using=xpath, value=//div[@role=&apos;navigation&apos;]//a[@href=&apos;https://mail.google.com/mail/#drafts&apos;]}" type="org.openqa.selenium.NoSuchElementException">org.openqa.selenium.NoSuchElementException: 
Unable to locate element: //div[@role='navigation']//a[@href='https://mail.google.com/mail/#drafts']
For documentation on this error, please visit: http://seleniumhq.org/exceptions/no_such_element.html
Build info: version: '3.8.1', revision: '6e95a6684b', time: '2017-12-01T18:33:54.468Z'
System info: host: 'WSB-174', ip: '192.168.6.1', os.name: 'Windows 10', os.arch: 'amd64', os.version: '10.0', java.version: '9.0.1'
Driver info: org.openqa.selenium.firefox.FirefoxDriver
Capabilities {acceptInsecureCerts: true, browserName: firefox, browserVersion: 56.0.2, javascriptEnabled: true, moz:accessibilityChecks: false, moz:headless: false, moz:processID: 13540, moz:profile: C:\Users\ivan.zialinski\App..., pageLoadStrategy: normal, platform: XP, platformName: XP, platformVersion: 10.0, rotatable: false, specificationLevel: 0, timeouts: {implicit: 0, pageLoad: 300000, script: 30000}}
Session ID: 22d1f73f-474e-4105-953e-276471eeaef6
*** Element info: {Using=xpath, value=//div[@role='navigation']//a[@href='https://mail.google.com/mail/#drafts']}
	at com.gmail.drafts.DraftsTest.deleteMessageFromDrafts(DraftsTest.java:40)
</error>
    <system-out><![CDATA[Navigating to https://gmail.com
Navigated to https://gmail.com
Finding element by By.id: identifierId
Element founded By.id: identifierId
Clicking on [[FirefoxDriver: firefox on XP (22d1f73f-474e-4105-953e-276471eeaef6)] -> id: identifierId]
Clicked on [[FirefoxDriver: firefox on XP (22d1f73f-474e-4105-953e-276471eeaef6)] -> id: identifierId]
Finding element by By.id: identifierId
Element founded By.id: identifierId
Changing value [[FirefoxDriver: firefox on XP (22d1f73f-474e-4105-953e-276471eeaef6)] -> id: identifierId]
Value changed [[FirefoxDriver: firefox on XP (22d1f73f-474e-4105-953e-276471eeaef6)] -> id: identifierId]
Finding element by By.id: identifierNext
Element founded By.id: identifierNext
Clicking on [[FirefoxDriver: firefox on XP (22d1f73f-474e-4105-953e-276471eeaef6)] -> id: identifierNext]
Clicked on [[FirefoxDriver: firefox on XP (22d1f73f-474e-4105-953e-276471eeaef6)] -> id: identifierNext]
Finding element by By.name: password
Element founded By.name: password
Finding element by By.name: password
Element founded By.name: password
Finding element by By.name: password
Element founded By.name: password
Clicking on [[FirefoxDriver: firefox on XP (22d1f73f-474e-4105-953e-276471eeaef6)] -> name: password]
Clicked on [[FirefoxDriver: firefox on XP (22d1f73f-474e-4105-953e-276471eeaef6)] -> name: password]
Finding element by By.name: password
Element founded By.name: password
Changing value [[FirefoxDriver: firefox on XP (22d1f73f-474e-4105-953e-276471eeaef6)] -> name: password]
Value changed [[FirefoxDriver: firefox on XP (22d1f73f-474e-4105-953e-276471eeaef6)] -> name: password]
Finding element by By.id: passwordNext
Element founded By.id: passwordNext
Clicking on [[FirefoxDriver: firefox on XP (22d1f73f-474e-4105-953e-276471eeaef6)] -> id: passwordNext]
Clicked on [[FirefoxDriver: firefox on XP (22d1f73f-474e-4105-953e-276471eeaef6)] -> id: passwordNext]
Finding element by By.xpath: //div[@role='navigation']//a[@href='https://mail.google.com/mail/#drafts']
Exception occured at Unable to locate element: //div[@role='navigation']//a[@href='https://mail.google.com/mail/#drafts']
For documentation on this error, please visit: http://seleniumhq.org/exceptions/no_such_element.html
Build info: version: '3.8.1', revision: '6e95a6684b', time: '2017-12-01T18:33:54.468Z'
System info: host: 'WSB-174', ip: '192.168.6.1', os.name: 'Windows 10', os.arch: 'amd64', os.version: '10.0', java.version: '9.0.1'
Driver info: org.openqa.selenium.firefox.FirefoxDriver
Capabilities {acceptInsecureCerts: true, browserName: firefox, browserVersion: 56.0.2, javascriptEnabled: true, moz:accessibilityChecks: false, moz:headless: false, moz:processID: 13540, moz:profile: C:\Users\ivan.zialinski\App..., pageLoadStrategy: normal, platform: XP, platformName: XP, platformVersion: 10.0, rotatable: false, specificationLevel: 0, timeouts: {implicit: 0, pageLoad: 300000, script: 30000}}
Session ID: 22d1f73f-474e-4105-953e-276471eeaef6
*** Element info: {Using=xpath, value=//div[@role='navigation']//a[@href='https://mail.google.com/mail/#drafts']}
]]></system-out>
  </testcase>
</testsuite>